<?xml version="1.0" encoding="UTF-8"?>
<testng-results skipped="0" failed="0" ignored="0" total="1" passed="1">
  <reporter-output>
  </reporter-output>
  <suite name="Default suite" duration-ms="31155" started-at="2019-09-09T11:56:30 IST" finished-at="2019-09-09T11:57:02 IST">
    <groups>
    </groups>
    <test name="Default test" duration-ms="31155" started-at="2019-09-09T11:56:30 IST" finished-at="2019-09-09T11:57:02 IST">
      <class name="com.training.sanity.tests.ELTC_020_Test">
        <test-method status="PASS" signature="setUpBeforeClass()[pri:0, instance:com.training.sanity.tests.ELTC_020_Test@6321e813]" name="setUpBeforeClass" is-config="true" duration-ms="16" started-at="2019-09-09T11:56:30 IST" finished-at="2019-09-09T11:56:30 IST">
          <reporter-output>
          </reporter-output>
        </test-method> <!-- setUpBeforeClass -->
        <test-method status="PASS" signature="setUp()[pri:0, instance:com.training.sanity.tests.ELTC_020_Test@6321e813]" name="setUp" is-config="true" duration-ms="10752" started-at="2019-09-09T11:56:31 IST" finished-at="2019-09-09T11:56:41 IST">
          <reporter-output>
          </reporter-output>
        </test-method> <!-- setUp -->
        <test-method status="PASS" signature="validLoginTest()[pri:0, instance:com.training.sanity.tests.ELTC_020_Test@6321e813]" name="validLoginTest" duration-ms="20333" started-at="2019-09-09T11:56:41 IST" finished-at="2019-09-09T11:57:02 IST">
          <reporter-output>
          </reporter-output>
        </test-method> <!-- validLoginTest -->
      </class> <!-- com.training.sanity.tests.ELTC_020_Test -->
    </test> <!-- Default test -->
  </suite> <!-- Default suite -->
</testng-results>
