<?xml version="1.0" encoding="UTF-8"?>
<!-- Generated by org.testng.reporters.JUnitXMLReporter -->
<testsuite hostname="DESKTOP-8EA7J2D" ignored="0" name="Default test" tests="4" failures="0" timestamp="2019-09-27T10:30:35 IST" time="152.679" errors="0">
  <testcase name="checkExcelDataTest" time="28.168" classname="com.training.regression.tests.LoginExcelTest080"/>
  <testcase name="checkExcelDataTest" time="23.17" classname="com.training.regression.tests.LoginExcelTest080"/>
  <testcase name="checkExcelDataTest" time="26.432" classname="com.training.regression.tests.LoginExcelTest080"/>
  <testcase name="checkExcelDataTest" time="25.301" classname="com.training.regression.tests.LoginExcelTest080"/>
</testsuite> <!-- Default test -->
